Determining if the pthread_create exist failed with the following output:
Change Dir: /home/harrison/catkin_ws/build/CMakeFiles/CMakeTmp

Run Build Command:/usr/bin/make "cmTryCompileExec4239125096/fast"
/usr/bin/make -f CMakeFiles/cmTryCompileExec4239125096.dir/build.make CMakeFiles/cmTryCompileExec4239125096.dir/build
make[1]: Entering directory `/home/harrison/catkin_ws/build/CMakeFiles/CMakeTmp'
/usr/bin/cmake -E cmake_progress_report /home/harrison/catkin_ws/build/CMakeFiles/CMakeTmp/CMakeFiles 1
Building C object CMakeFiles/cmTryCompileExec4239125096.dir/CheckSymbolExists.c.o
/usr/bin/cc    -o CMakeFiles/cmTryCompileExec4239125096.dir/CheckSymbolExists.c.o   -c /home/harrison/catkin_ws/build/CMakeFiles/CMakeTmp/CheckSymbolExists.c
Linking C executable cmTryCompileExec4239125096
/usr/bin/cmake -E cmake_link_script CMakeFiles/cmTryCompileExec4239125096.dir/link.txt --verbose=1
/usr/bin/cc       CMakeFiles/cmTryCompileExec4239125096.dir/CheckSymbolExists.c.o  -o cmTryCompileExec4239125096 -rdynamic 
CMakeFiles/cmTryCompileExec4239125096.dir/CheckSymbolExists.c.o: In function `main':
CheckSymbolExists.c:(.text+0x16): undefined reference to `pthread_create'
collect2: error: ld returned 1 exit status
make[1]: Leaving directory `/home/harrison/catkin_ws/build/CMakeFiles/CMakeTmp'
make[1]: *** [cmTryCompileExec4239125096] Error 1
make: *** [cmTryCompileExec4239125096/fast] Error 2

File /home/harrison/catkin_ws/build/CMakeFiles/CMakeTmp/CheckSymbolExists.c:
/* */
#include <pthread.h>

int main(int argc, char** argv)
{
  (void)argv;
#ifndef pthread_create
  return ((int*)(&pthread_create))[argc];
#else
  (void)argc;
  return 0;
#endif
}

Determining if the function pthread_create exists in the pthreads failed with the following output:
Change Dir: /home/harrison/catkin_ws/build/CMakeFiles/CMakeTmp

Run Build Command:/usr/bin/make "cmTryCompileExec3335702336/fast"
/usr/bin/make -f CMakeFiles/cmTryCompileExec3335702336.dir/build.make CMakeFiles/cmTryCompileExec3335702336.dir/build
make[1]: Entering directory `/home/harrison/catkin_ws/build/CMakeFiles/CMakeTmp'
/usr/bin/cmake -E cmake_progress_report /home/harrison/catkin_ws/build/CMakeFiles/CMakeTmp/CMakeFiles 1
Building C object CMakeFiles/cmTryCompileExec3335702336.dir/CheckFunctionExists.c.o
/usr/bin/cc   -DCHECK_FUNCTION_EXISTS=pthread_create   -o CMakeFiles/cmTryCompileExec3335702336.dir/CheckFunctionExists.c.o   -c /usr/share/cmake-2.8/Modules/CheckFunctionExists.c
Linking C executable cmTryCompileExec3335702336
/usr/bin/cmake -E cmake_link_script CMakeFiles/cmTryCompileExec3335702336.dir/link.txt --verbose=1
/usr/bin/cc   -DCHECK_FUNCTION_EXISTS=pthread_create    CMakeFiles/cmTryCompileExec3335702336.dir/CheckFunctionExists.c.o  -o cmTryCompileExec3335702336 -rdynamic -lpthreads 
/usr/bin/ld: cannot find -lpthreads
collect2: error: ld returned 1 exit status
make[1]: Leaving directory `/home/harrison/catkin_ws/build/CMakeFiles/CMakeTmp'
make[1]: *** [cmTryCompileExec3335702336] Error 1
make: *** [cmTryCompileExec3335702336/fast] Error 2


